<?xml version="1.0" encoding="UTF-8"?>
<!-- Generated by org.testng.reporters.JUnitReportReporter -->
<testsuite hostname="PRATYUSH" failures="0" tests="1" name="testCases.TC_001_AccountRegistrationTest" time="2.757" errors="0" timestamp="2023-02-08T14:02:40 IST" skipped="0">
  <testcase classname="testCases.TC_001_AccountRegistrationTest" name="test_account_Registration" time="2.757"/>
  <system-out/>
</testsuite> <!-- testCases.TC_001_AccountRegistrationTest -->
