<?xml version="1.0" encoding="UTF-8"?>
<!-- Generated by org.testng.reporters.JUnitReportReporter -->
<testsuite hostname="PRATYUSH" failures="0" tests="1" name="testCases.TC_002_LoginTest" time="0.822" errors="0" timestamp="2023-02-08T14:02:40 IST" skipped="0">
  <testcase classname="testCases.TC_002_LoginTest" name="test_Login" time="0.822"/>
  <system-out/>
</testsuite> <!-- testCases.TC_002_LoginTest -->
