<?xml version="1.0" encoding="UTF-8"?>
<!-- Generated by org.testng.reporters.JUnitReportReporter -->
<testsuite hostname="PRATYUSH" failures="0" tests="5" name="testCases.TC_LoginDataDrivenTest" time="24.070" errors="0" timestamp="2023-02-07T14:26:20 IST" skipped="0">
  <testcase classname="testCases.TC_LoginDataDrivenTest" name="test_LoginDDT" time="10.471"/>
  <system-out/>
  <testcase classname="testCases.TC_LoginDataDrivenTest" name="test_LoginDDT" time="1.065"/>
  <system-out/>
  <testcase classname="testCases.TC_LoginDataDrivenTest" name="test_LoginDDT" time="1.128"/>
  <system-out/>
  <testcase classname="testCases.TC_LoginDataDrivenTest" name="test_LoginDDT" time="10.437"/>
  <system-out/>
  <testcase classname="testCases.TC_LoginDataDrivenTest" name="test_LoginDDT" time="0.969"/>
  <system-out/>
</testsuite> <!-- testCases.TC_LoginDataDrivenTest -->
