<?xml version="1.0" encoding="UTF-8"?>
<!-- Generated by org.testng.reporters.JUnitReportReporter -->
<testsuite hostname="PRATYUSH" failures="0" tests="5" name="testCases.TC_LoginDataDrivenTest" time="24.743" errors="0" timestamp="2023-02-08T14:54:56 IST" skipped="0">
  <testcase classname="testCases.TC_LoginDataDrivenTest" name="test_LoginDDT" time="1.430"/>
  <system-out/>
  <testcase classname="testCases.TC_LoginDataDrivenTest" name="test_LoginDDT" time="1.230"/>
  <system-out/>
  <testcase classname="testCases.TC_LoginDataDrivenTest" name="test_LoginDDT" time="1.041"/>
  <system-out/>
  <testcase classname="testCases.TC_LoginDataDrivenTest" name="test_LoginDDT" time="10.525"/>
  <system-out/>
  <testcase classname="testCases.TC_LoginDataDrivenTest" name="test_LoginDDT" time="10.517"/>
  <system-out/>
</testsuite> <!-- testCases.TC_LoginDataDrivenTest -->
